{"user":1,"type":"system login","time":"2018-12-17T12:23:29.976Z"}
{"user":1,"type":"system login","time":"2018-12-17T12:24:26.731Z"}
{"user":1,"type":"system login","time":"2018-12-17T12:25:34.583Z"}
{"user":1,"type":"system login","time":"2018-12-17T12:28:08.481Z"}
{"user":1,"type":"system login","time":"2018-12-17T12:30:52.982Z"}
{"user":1,"type":"system login","time":"2018-12-17T12:33:22.814Z"}
{"user":1,"type":"system login","time":"2018-12-17T12:36:21.351Z"}
{"user":1,"type":"system login","time":"2018-12-17T12:36:57.516Z"}
{"user":1,"type":"system login","time":"2018-12-17T12:38:06.747Z"}
{"user":1,"type":"system login","time":"2018-12-17T12:40:03.881Z"}
{"user":1,"type":"system login","time":"2018-12-17T12:46:24.696Z"}
{"user":1,"type":"system login","time":"2018-12-17T12:47:45.210Z"}
{"user":1,"type":"system login","time":"2018-12-17T12:51:46.844Z"}
{"user":1,"type":"system login","time":"2018-12-17T12:52:15.475Z"}
{"user":1,"type":"system login","time":"2018-12-17T12:57:05.494Z"}
{"user":1,"type":"system login","time":"2018-12-17T12:58:17.956Z"}
{"user":1,"type":"system login","time":"2018-12-17T12:59:21.268Z"}
{"user":1,"type":"system login","time":"2018-12-17T13:00:53.342Z"}
{"user":1,"type":"system login","time":"2018-12-17T13:02:38.326Z"}
{"user":1,"type":"system login","time":"2018-12-17T13:34:35.363Z"}
{"user":1,"type":"system login","time":"2018-12-17T13:36:22.986Z"}
{"user":1,"type":"system login","time":"2018-12-17T13:38:00.509Z"}
{"user":1,"type":"system login","time":"2018-12-17T13:43:41.175Z"}
{"user":1,"type":"system login","time":"2018-12-17T13:49:13.756Z"}
{"user":1,"type":"system login","time":"2018-12-17T13:52:51.787Z"}
{"user":1,"type":"offer settings updated","time":"2018-12-17T13:53:46.723Z","refer_id":3}
{"user":1,"type":"system login","time":"2018-12-17T13:55:02.022Z"}
{"user":1,"type":"offer settings updated","time":"2018-12-17T13:55:17.385Z","refer_id":3}
{"user":1,"type":"system login","time":"2018-12-17T14:00:39.668Z"}
{"user":1,"type":"system login","time":"2018-12-17T14:14:50.204Z"}
{"user":1,"type":"system login","time":"2018-12-17T14:25:10.009Z"}
{"user":1,"type":"system login","time":"2018-12-17T14:38:34.408Z"}
{"user":1,"type":"system login","time":"2018-12-18T05:50:39.799Z"}
{"user":1,"type":"system login","time":"2018-12-18T05:57:37.461Z"}
{"user":1,"type":"offer settings updated","time":"2018-12-18T06:04:35.618Z","refer_id":3}
{"user":1,"type":"system login","time":"2018-12-18T07:41:16.573Z"}
{"user":1,"type":"system login","time":"2018-12-18T07:43:25.688Z"}
{"user":1,"type":"system login","time":"2018-12-18T07:44:44.725Z"}
{"user":1,"type":"system login","time":"2018-12-18T08:39:54.815Z"}
{"user":1,"type":"system login","time":"2018-12-18T08:42:11.469Z"}
{"user":1,"type":"system login","time":"2018-12-18T08:42:21.661Z"}
{"user":1,"type":"system login","time":"2018-12-18T08:43:04.979Z"}
{"user":1,"type":"system login","time":"2018-12-18T08:44:38.799Z"}
{"user":1,"type":"system login","time":"2018-12-18T08:45:13.546Z"}
{"user":1,"type":"system login","time":"2018-12-18T08:58:32.691Z"}
{"user":1,"type":"system login","time":"2018-12-18T09:54:22.251Z"}
{"user":1,"type":"system login","time":"2018-12-18T10:27:01.877Z"}
{"user":1,"type":"system login","time":"2018-12-18T11:07:33.011Z"}
{"user":1,"type":"system login","time":"2018-12-18T11:11:45.839Z"}
{"user":1,"type":"system login","time":"2018-12-19T05:51:31.190Z"}
{"user":1,"type":"system login","time":"2018-12-19T06:20:08.344Z"}
{"user":1,"type":"system login","time":"2018-12-19T06:30:43.386Z"}
{"user":1,"type":"system login","time":"2018-12-19T06:39:22.267Z"}
{"user":1,"type":"system login","time":"2018-12-19T06:41:19.437Z"}
{"user":1,"type":"system login","time":"2018-12-19T06:54:52.318Z"}
{"user":1,"type":"system login","time":"2018-12-19T07:00:08.978Z"}
{"user":1,"type":"system login","time":"2018-12-19T07:03:10.670Z"}
{"user":1,"type":"system login","time":"2018-12-19T07:07:16.574Z"}
{"user":1,"type":"system login","time":"2018-12-19T07:18:40.279Z"}
{"user":1,"type":"system login","time":"2018-12-19T07:32:28.941Z"}
{"user":1,"type":"system login","time":"2018-12-19T07:35:58.720Z"}
{"user":1,"type":"system login","time":"2018-12-19T07:41:38.552Z"}
{"user":1,"type":"system login","time":"2018-12-19T07:43:20.141Z"}
{"user":1,"type":"system login","time":"2018-12-19T07:44:42.614Z"}
{"user":1,"type":"offer creation","time":"2018-12-19T07:45:49.751Z","refer_id":3}
{"user":1,"type":"system login","time":"2018-12-19T07:47:54.671Z"}
{"user":1,"type":"offer creation","time":"2018-12-19T07:48:58.667Z","refer_id":4}
{"user":1,"type":"system login","time":"2018-12-19T07:56:15.940Z"}
{"user":1,"type":"system login","time":"2018-12-19T08:04:25.229Z"}
{"user":1,"type":"system login","time":"2018-12-19T08:12:50.369Z"}
{"user":1,"type":"system login","time":"2018-12-19T08:14:14.689Z"}
{"user":1,"type":"system login","time":"2018-12-19T08:16:03.284Z"}
{"user":1,"type":"offer creation","time":"2018-12-19T08:18:38.055Z","refer_id":5}
{"user":1,"type":"offer settings updated","time":"2018-12-19T08:28:32.115Z","refer_id":3}
{"user":1,"type":"system login","time":"2018-12-19T08:33:12.405Z"}
{"user":1,"type":"system login","time":"2018-12-19T08:35:01.093Z"}
{"user":1,"type":"system login","time":"2018-12-19T08:43:39.861Z"}
{"user":1,"type":"system login","time":"2018-12-19T08:48:16.551Z"}
{"user":1,"type":"system login","time":"2018-12-19T09:53:39.439Z"}
{"user":1,"type":"system login","time":"2018-12-19T09:54:52.151Z"}
{"user":1,"type":"system login","time":"2018-12-19T09:55:40.696Z"}
{"user":1,"type":"system login","time":"2018-12-19T09:56:08.506Z"}
{"user":1,"type":"system login","time":"2018-12-19T09:56:55.183Z"}
{"user":1,"type":"system login","time":"2018-12-19T09:57:48.067Z"}
{"user":1,"type":"system login","time":"2018-12-19T10:04:55.868Z"}
{"user":1,"type":"system login","time":"2018-12-19T10:12:19.807Z"}
{"user":1,"type":"system login","time":"2018-12-19T10:14:30.027Z"}
{"user":1,"type":"system login","time":"2018-12-19T10:20:45.474Z"}
{"user":1,"type":"system login","time":"2018-12-19T10:37:29.891Z"}
{"user":1,"type":"system login","time":"2018-12-19T10:39:01.631Z"}
{"user":1,"type":"system login","time":"2018-12-19T10:40:50.035Z"}
{"user":1,"type":"system login","time":"2018-12-19T10:43:13.917Z"}
{"user":1,"type":"system login","time":"2018-12-19T10:47:43.680Z"}
{"user":1,"type":"system login","time":"2018-12-19T10:51:50.361Z"}
{"user":1,"type":"system login","time":"2018-12-19T10:53:45.437Z"}
{"user":1,"type":"system login","time":"2018-12-19T11:04:18.169Z"}
{"user":1,"type":"system login","time":"2018-12-19T11:05:22.705Z"}
{"user":1,"type":"system login","time":"2018-12-19T11:07:44.829Z"}
{"user":1,"type":"system login","time":"2018-12-19T11:09:05.434Z"}
{"user":1,"type":"system login","time":"2018-12-19T12:20:42.819Z"}
{"user":1,"type":"system login","time":"2018-12-19T12:22:38.703Z"}
{"user":1,"type":"system login","time":"2018-12-19T12:42:23.638Z"}
{"user":1,"type":"system login","time":"2018-12-19T12:43:23.990Z"}
{"user":1,"type":"system login","time":"2018-12-19T12:44:12.419Z"}
{"user":1,"type":"system login","time":"2018-12-19T12:45:07.706Z"}
{"user":1,"type":"system login","time":"2018-12-19T12:46:34.092Z"}
{"user":1,"type":"system login","time":"2018-12-19T12:48:18.629Z"}
{"user":1,"type":"system login","time":"2018-12-19T12:49:02.867Z"}
{"user":1,"type":"system login","time":"2018-12-19T13:01:34.219Z"}
{"user":1,"type":"system login","time":"2018-12-19T13:57:09.391Z"}
{"user":1,"type":"system login","time":"2018-12-19T14:07:48.723Z"}
{"user":1,"type":"system login","time":"2018-12-19T14:11:31.148Z"}
{"user":1,"type":"system login","time":"2018-12-19T14:48:32.716Z"}
{"user":1,"type":"system login","time":"2018-12-19T14:50:43.399Z"}
{"user":1,"type":"system login","time":"2018-12-19T14:55:37.481Z"}
{"user":1,"type":"system login","time":"2018-12-19T14:56:31.681Z"}
{"user":1,"type":"system login","time":"2018-12-19T14:58:11.872Z"}
{"user":1,"type":"system login","time":"2018-12-19T14:59:02.861Z"}
{"user":1,"type":"system login","time":"2018-12-19T15:00:15.085Z"}
{"user":1,"type":"system login","time":"2018-12-19T15:06:20.875Z"}
{"user":1,"type":"system login","time":"2018-12-20T06:00:21.995Z"}
{"user":1,"type":"system login","time":"2018-12-20T06:00:35.762Z"}
{"user":1,"type":"system login","time":"2018-12-20T06:37:59.051Z"}
{"user":1,"type":"system login","time":"2018-12-20T06:57:10.760Z"}
{"user":1,"type":"system login","time":"2018-12-20T07:03:58.145Z"}
{"user":1,"type":"system login","time":"2018-12-20T07:09:10.582Z"}
{"user":1,"type":"system login","time":"2018-12-20T07:10:04.373Z"}
{"user":1,"type":"system login","time":"2018-12-20T07:13:08.214Z"}
{"user":1,"type":"system login","time":"2018-12-20T07:25:27.267Z"}
{"user":1,"type":"system login","time":"2018-12-20T07:30:55.662Z"}
{"user":1,"type":"offer creation","time":"2018-12-20T07:34:08.350Z","refer_id":6}
{"user":1,"type":"system login","time":"2018-12-20T07:41:59.430Z"}
{"user":1,"type":"offer creation","time":"2018-12-20T07:43:19.736Z","refer_id":7}
{"user":1,"type":"system login","time":"2018-12-20T07:46:51.164Z"}
{"user":1,"type":"offer creation","time":"2018-12-20T07:47:24.113Z","refer_id":8}
{"user":1,"type":"system login","time":"2018-12-20T07:54:25.511Z"}
{"user":1,"type":"offer creation","time":"2018-12-20T07:55:32.275Z","refer_id":9}
{"user":1,"type":"system login","time":"2018-12-20T07:56:07.057Z"}
{"user":1,"type":"offer creation","time":"2018-12-20T07:56:36.563Z","refer_id":10}
{"user":1,"type":"system login","time":"2018-12-20T08:01:44.674Z"}
{"user":1,"type":"offer creation","time":"2018-12-20T08:02:11.969Z","refer_id":11}
{"user":1,"type":"system login","time":"2018-12-20T08:07:13.729Z"}
{"user":1,"type":"system login","time":"2018-12-20T08:10:57.971Z"}
{"user":1,"type":"offer modification","time":"2018-12-20T08:11:34.685Z","refer_id":"11"}
{"user":1,"type":"offer creation","time":"2018-12-20T08:14:55.198Z","refer_id":12}
{"user":1,"type":"system login","time":"2018-12-20T08:17:56.711Z"}
{"user":1,"type":"system login","time":"2018-12-20T08:20:17.844Z"}
{"user":1,"type":"system login","time":"2018-12-20T08:22:20.313Z"}
{"user":1,"type":"system login","time":"2018-12-20T08:23:33.209Z"}
{"user":1,"type":"system login","time":"2018-12-20T08:26:09.428Z"}
{"user":1,"type":"offer creation","time":"2018-12-20T08:27:48.040Z","refer_id":13}
{"user":1,"type":"system login","time":"2018-12-20T09:38:20.572Z"}
{"user":1,"type":"system login","time":"2018-12-20T09:51:48.044Z"}
{"user":1,"type":"system login","time":"2018-12-20T09:52:46.209Z"}
{"user":1,"type":"system login","time":"2018-12-20T09:56:50.946Z"}
{"user":1,"type":"system login","time":"2018-12-20T10:09:24.906Z"}
{"user":1,"type":"system login","time":"2018-12-20T10:17:19.132Z"}
{"user":1,"type":"system login","time":"2018-12-20T10:24:46.050Z"}
{"user":1,"type":"system login","time":"2018-12-20T10:26:43.337Z"}
{"user":1,"type":"system login","time":"2018-12-20T10:29:53.469Z"}
{"user":1,"type":"system login","time":"2018-12-20T10:39:27.904Z"}
{"user":1,"type":"system login","time":"2018-12-20T10:41:23.251Z"}
{"user":1,"type":"system login","time":"2018-12-20T10:46:46.560Z"}
{"user":1,"type":"system login","time":"2018-12-20T10:49:01.738Z"}
{"user":1,"type":"system login","time":"2018-12-20T11:02:03.842Z"}
{"user":1,"type":"system login","time":"2018-12-20T11:11:44.438Z"}
{"user":1,"type":"system login","time":"2018-12-20T11:42:46.795Z"}
{"user":1,"type":"system login","time":"2018-12-20T11:52:09.077Z"}
{"user":1,"type":"system login","time":"2018-12-20T11:53:22.995Z"}
{"user":1,"type":"system login","time":"2018-12-20T11:54:39.682Z"}
{"user":1,"type":"system login","time":"2018-12-20T11:56:30.239Z"}
{"user":1,"type":"system login","time":"2018-12-20T11:58:14.338Z"}
{"user":1,"type":"system login","time":"2018-12-20T12:33:00.186Z"}
{"user":1,"type":"system login","time":"2018-12-20T12:34:31.112Z"}
{"user":1,"type":"offer modification","time":"2018-12-20T12:34:43.407Z","refer_id":"13"}
{"user":1,"type":"system login","time":"2018-12-20T12:43:55.282Z"}
{"user":1,"type":"offer creation","time":"2018-12-20T12:44:58.799Z","refer_id":14}
{"user":1,"type":"system login","time":"2018-12-20T12:46:14.554Z"}
{"user":1,"type":"system login","time":"2018-12-20T12:48:39.762Z"}
{"user":1,"type":"system login","time":"2018-12-20T12:54:06.438Z"}
{"user":1,"type":"system login","time":"2018-12-20T12:55:33.372Z"}
{"user":1,"type":"system login","time":"2018-12-20T12:56:38.423Z"}
{"user":1,"type":"system login","time":"2018-12-20T12:58:39.937Z"}
{"user":1,"type":"system login","time":"2018-12-20T13:00:09.335Z"}
{"user":1,"type":"system login","time":"2018-12-20T13:01:35.363Z"}
{"user":1,"type":"system login","time":"2018-12-20T13:02:52.681Z"}
{"user":1,"type":"system login","time":"2018-12-20T13:04:37.160Z"}
{"user":1,"type":"system login","time":"2018-12-20T13:08:03.030Z"}
{"user":1,"type":"offer creation","time":"2018-12-20T13:08:45.903Z","refer_id":15}
{"user":1,"type":"system login","time":"2018-12-20T13:10:12.225Z"}
{"user":1,"type":"offer creation","time":"2018-12-20T13:10:45.965Z","refer_id":16}
{"user":1,"type":"system login","time":"2018-12-20T13:11:43.575Z"}
{"user":1,"type":"offer creation","time":"2018-12-20T13:12:16.752Z","refer_id":17}
{"user":1,"type":"system login","time":"2018-12-20T13:13:36.228Z"}
{"user":1,"type":"system login","time":"2018-12-20T13:15:08.892Z"}
{"user":1,"type":"system login","time":"2018-12-20T13:18:40.815Z"}
{"user":1,"type":"system login","time":"2018-12-20T13:20:11.587Z"}
{"user":1,"type":"system login","time":"2018-12-20T13:24:05.423Z"}
{"user":1,"type":"system login","time":"2018-12-20T13:26:31.585Z"}
{"user":1,"type":"system login","time":"2018-12-20T13:28:42.723Z"}
{"user":1,"type":"offer modification","time":"2018-12-20T13:31:48.036Z","refer_id":"15"}
{"user":1,"type":"offer modification","time":"2018-12-20T13:31:58.956Z","refer_id":"15"}
{"user":1,"type":"system login","time":"2018-12-20T13:35:09.643Z"}
{"user":1,"type":"offer creation","time":"2018-12-20T13:36:15.326Z","refer_id":18}
{"user":1,"type":"system login","time":"2018-12-20T13:37:46.262Z"}
{"user":1,"type":"system login","time":"2018-12-20T13:39:07.804Z"}
{"user":1,"type":"system login","time":"2018-12-20T13:40:13.425Z"}
{"user":1,"type":"system login","time":"2018-12-20T13:42:25.664Z"}
{"user":1,"type":"system login","time":"2018-12-20T13:45:32.850Z"}
{"user":1,"type":"system login","time":"2018-12-20T13:48:22.221Z"}
{"user":1,"type":"system login","time":"2018-12-20T13:49:51.163Z"}
{"user":1,"type":"system login","time":"2018-12-20T13:55:46.035Z"}
{"user":1,"type":"system login","time":"2018-12-20T13:57:34.104Z"}
{"user":1,"type":"system login","time":"2018-12-20T14:01:17.149Z"}
{"user":1,"type":"system login","time":"2018-12-20T14:07:50.093Z"}
{"user":1,"type":"system login","time":"2018-12-20T14:10:29.518Z"}
{"user":1,"type":"offer creation","time":"2018-12-20T14:12:16.370Z","refer_id":19}
{"user":1,"type":"offer creation","time":"2018-12-20T14:12:52.992Z","refer_id":20}
{"user":1,"type":"system login","time":"2018-12-20T14:16:54.530Z"}
{"user":1,"type":"system login","time":"2018-12-20T14:27:15.576Z"}
{"user":1,"type":"offer modification","time":"2018-12-20T14:29:20.534Z","refer_id":"19"}
{"user":1,"type":"system login","time":"2018-12-20T14:38:06.489Z"}
{"user":1,"type":"offer modification","time":"2018-12-20T14:38:35.906Z","refer_id":"18"}
{"user":1,"type":"offer modification","time":"2018-12-20T14:45:01.504Z","refer_id":"19"}
{"user":1,"type":"offer creation","time":"2018-12-20T14:47:27.722Z","refer_id":21}
{"user":1,"type":"offer modification","time":"2018-12-20T14:47:42.346Z","refer_id":"21"}
{"user":1,"type":"system login","time":"2018-12-21T05:46:01.394Z"}
{"user":1,"type":"offer creation","time":"2018-12-21T05:48:47.631Z","refer_id":22}
{"user":1,"type":"system login","time":"2018-12-21T05:52:44.960Z"}
{"user":1,"type":"system login","time":"2018-12-21T05:53:45.810Z"}
{"user":1,"type":"system login","time":"2018-12-21T05:55:02.074Z"}
{"user":1,"type":"system login","time":"2018-12-21T05:57:01.253Z"}
{"user":1,"type":"system login","time":"2018-12-21T05:57:54.266Z"}
{"user":1,"type":"system login","time":"2018-12-21T05:59:43.322Z"}
{"user":1,"type":"system login","time":"2018-12-21T06:10:55.917Z"}
{"user":1,"type":"system login","time":"2018-12-21T06:12:26.971Z"}
{"user":1,"type":"system login","time":"2018-12-21T06:18:19.255Z"}
{"user":1,"type":"offer modification","time":"2018-12-21T06:18:57.723Z","refer_id":"22"}
{"user":1,"type":"system login","time":"2018-12-21T06:25:13.599Z"}
{"user":1,"type":"system login","time":"2018-12-21T06:27:14.682Z"}
{"user":1,"type":"system login","time":"2018-12-21T06:30:38.774Z"}
{"user":1,"type":"system login","time":"2018-12-21T06:33:36.625Z"}
{"user":1,"type":"system login","time":"2018-12-21T06:35:51.435Z"}
{"user":1,"type":"system login","time":"2018-12-21T06:36:53.401Z"}
{"user":1,"type":"system login","time":"2018-12-21T06:37:12.721Z"}
{"user":1,"type":"offer modification","time":"2018-12-21T06:38:21.569Z","refer_id":"22"}
{"user":1,"type":"system login","time":"2018-12-21T06:50:22.690Z"}
{"user":1,"type":"offer modification","time":"2018-12-21T06:50:47.714Z","refer_id":"22"}
{"user":1,"type":"system login","time":"2018-12-21T07:07:13.590Z"}
{"user":1,"type":"system login","time":"2018-12-21T07:10:57.817Z"}
{"user":1,"type":"system login","time":"2018-12-21T07:12:26.777Z"}
{"user":1,"type":"system login","time":"2018-12-21T07:13:46.148Z"}
{"user":1,"type":"system login","time":"2018-12-21T07:15:48.069Z"}
{"user":1,"type":"system login","time":"2018-12-21T07:28:28.843Z"}
{"user":1,"type":"system login","time":"2018-12-21T07:31:33.127Z"}
{"user":1,"type":"system login","time":"2018-12-21T07:41:06.535Z"}
{"user":1,"type":"offer modification","time":"2018-12-21T07:42:55.892Z","refer_id":"22"}
{"user":1,"type":"system login","time":"2018-12-21T07:45:52.026Z"}
{"user":1,"type":"system login","time":"2018-12-21T07:48:48.451Z"}
{"user":1,"type":"system login","time":"2018-12-21T07:57:05.135Z"}
{"user":1,"type":"offer modification","time":"2018-12-21T07:57:39.298Z","refer_id":"22"}
{"user":1,"type":"offer modification","time":"2018-12-21T07:59:37.763Z","refer_id":"22"}
{"user":1,"type":"system login","time":"2018-12-21T08:15:18.877Z"}
{"user":1,"type":"system login","time":"2018-12-21T08:20:14.613Z"}
{"user":1,"type":"system login","time":"2018-12-21T08:22:43.250Z"}
{"user":1,"type":"offer creation","time":"2018-12-21T08:24:22.447Z","refer_id":23}
{"user":1,"type":"system login","time":"2018-12-21T09:27:40.097Z"}
{"user":1,"type":"offer modification","time":"2018-12-21T09:28:09.370Z","refer_id":"23"}
{"user":1,"type":"offer modification","time":"2018-12-21T09:30:09.441Z","refer_id":"23"}
{"user":1,"type":"offer modification","time":"2018-12-21T09:30:40.898Z","refer_id":"23"}
{"user":1,"type":"offer modification","time":"2018-12-21T09:34:52.455Z","refer_id":"22"}
{"user":1,"type":"system login","time":"2018-12-21T09:36:15.896Z"}
{"user":1,"type":"offer modification","time":"2018-12-21T09:36:48.398Z","refer_id":"23"}
{"user":1,"type":"system login","time":"2018-12-21T09:38:10.241Z"}
{"user":1,"type":"offer modification","time":"2018-12-21T09:38:25.017Z","refer_id":"23"}
{"user":1,"type":"system login","time":"2018-12-21T09:41:11.980Z"}
{"user":1,"type":"offer modification","time":"2018-12-21T09:41:29.480Z","refer_id":"23"}
{"user":1,"type":"system login","time":"2018-12-21T09:45:38.506Z"}
{"user":1,"type":"offer modification","time":"2018-12-21T09:46:12.781Z","refer_id":"23"}
{"user":1,"type":"system login","time":"2018-12-21T09:47:40.913Z"}
{"user":1,"type":"system login","time":"2018-12-21T09:58:36.192Z"}
{"user":1,"type":"system login","time":"2018-12-21T10:12:11.933Z"}
{"user":1,"type":"system login","time":"2018-12-21T10:15:20.842Z"}
{"user":1,"type":"offer creation","time":"2018-12-21T10:15:59.172Z","refer_id":24}
{"user":1,"type":"offer modification","time":"2018-12-21T10:16:51.938Z","refer_id":"24"}
{"user":1,"type":"offer creation","time":"2018-12-21T10:29:00.416Z","refer_id":25}
{"user":1,"type":"offer modification","time":"2018-12-21T10:32:15.425Z","refer_id":"25"}
{"user":1,"type":"system login","time":"2018-12-21T10:35:48.612Z"}
{"user":1,"type":"offer creation","time":"2018-12-21T10:38:09.017Z","refer_id":26}
{"user":1,"type":"offer modification","time":"2018-12-21T10:39:30.095Z","refer_id":"26"}
{"user":1,"type":"system login","time":"2018-12-21T10:55:21.046Z"}
{"user":1,"type":"offer modification","time":"2018-12-21T10:55:37.929Z","refer_id":"26"}
{"user":1,"type":"system login","time":"2018-12-21T10:56:41.378Z"}
{"user":1,"type":"offer modification","time":"2018-12-21T10:56:50.072Z","refer_id":"26"}
{"user":1,"type":"system login","time":"2018-12-21T10:58:59.702Z"}
{"user":1,"type":"offer modification","time":"2018-12-21T10:59:11.832Z","refer_id":"26"}
{"user":1,"type":"system login","time":"2018-12-21T11:10:20.673Z"}
{"user":1,"type":"system login","time":"2018-12-21T11:15:42.298Z"}
{"user":1,"type":"offer modification","time":"2018-12-21T11:18:17.697Z","refer_id":"26"}
{"user":1,"type":"system login","time":"2018-12-21T11:19:54.397Z"}
{"user":1,"type":"offer modification","time":"2018-12-21T11:20:14.058Z","refer_id":"26"}
{"user":1,"type":"system login","time":"2018-12-21T11:26:02.719Z"}
{"user":1,"type":"offer modification","time":"2018-12-21T11:26:25.235Z","refer_id":"26"}
{"user":1,"type":"offer modification","time":"2018-12-21T11:28:51.738Z","refer_id":"26"}
{"user":1,"type":"system login","time":"2018-12-21T11:31:37.022Z"}
{"user":1,"type":"offer modification","time":"2018-12-21T11:31:56.454Z","refer_id":"26"}
{"user":1,"type":"system login","time":"2018-12-21T11:36:45.201Z"}
{"user":1,"type":"offer creation","time":"2018-12-21T11:38:13.139Z","refer_id":27}
{"user":1,"type":"system login","time":"2018-12-21T13:31:24.163Z"}
{"user":1,"type":"system login","time":"2018-12-21T13:36:55.301Z"}
{"user":1,"type":"system login","time":"2018-12-21T13:38:13.611Z"}
{"user":1,"type":"system login","time":"2018-12-21T13:39:43.981Z"}
{"user":1,"type":"system login","time":"2018-12-21T13:44:35.359Z"}
{"user":1,"type":"system login","time":"2018-12-21T13:55:14.850Z"}
{"user":1,"type":"system login","time":"2018-12-21T14:01:21.097Z"}
{"user":1,"type":"system login","time":"2018-12-21T14:03:36.540Z"}
{"user":1,"type":"system login","time":"2018-12-21T14:15:20.079Z"}
{"user":1,"type":"system login","time":"2018-12-21T14:21:18.045Z"}
{"user":1,"type":"system login","time":"2018-12-25T05:51:37.723Z"}
{"user":1,"type":"system login","time":"2018-12-25T05:52:01.358Z"}
{"user":1,"type":"system login","time":"2018-12-25T05:52:10.961Z"}
{"user":1,"type":"offer creation","time":"2018-12-25T06:10:28.154Z","refer_id":28}
{"user":1,"type":"offer modification","time":"2018-12-25T06:11:46.076Z","refer_id":"28"}
{"user":1,"type":"system login","time":"2018-12-25T06:19:25.127Z"}
{"user":1,"type":"offer creation","time":"2018-12-25T06:22:06.919Z","refer_id":29}
{"user":1,"type":"system login","time":"2018-12-25T06:24:37.005Z"}
{"user":1,"type":"system login","time":"2018-12-25T06:26:52.019Z"}
{"user":1,"type":"system login","time":"2018-12-25T07:00:59.888Z"}
{"user":1,"type":"offer creation","time":"2018-12-25T07:21:43.275Z","refer_id":30}
{"user":1,"type":"system login","time":"2018-12-25T07:29:34.004Z"}
{"user":1,"type":"offer creation","time":"2018-12-25T07:47:24.825Z","refer_id":31}
{"user":1,"type":"system login","time":"2018-12-25T07:51:22.343Z"}
{"user":1,"type":"system login","time":"2018-12-25T07:52:09.735Z"}
{"user":1,"type":"system login","time":"2018-12-25T07:52:31.817Z"}
{"user":1,"type":"system login","time":"2018-12-25T07:52:53.681Z"}
{"user":1,"type":"system login","time":"2018-12-25T07:53:04.550Z"}
{"user":1,"type":"system login","time":"2018-12-25T07:53:24.957Z"}
{"user":1,"type":"system login","time":"2018-12-25T07:54:25.466Z"}
{"user":1,"type":"system login","time":"2018-12-25T07:56:02.997Z"}
{"user":1,"type":"system login","time":"2018-12-25T08:07:03.851Z"}
{"user":1,"type":"offer creation","time":"2018-12-25T08:08:57.330Z","refer_id":32}
{"user":1,"type":"system login","time":"2018-12-25T08:25:57.543Z"}
{"user":1,"type":"offer modification","time":"2018-12-25T08:31:13.569Z","refer_id":"32"}
{"user":1,"type":"system login","time":"2018-12-25T08:32:56.369Z"}
{"user":1,"type":"offer creation","time":"2018-12-25T08:35:28.271Z","refer_id":33}
{"user":1,"type":"offer modification","time":"2018-12-25T08:37:33.924Z","refer_id":"33"}
{"user":1,"type":"offer modification","time":"2018-12-25T08:38:32.697Z","refer_id":"33"}
{"user":1,"type":"system login","time":"2018-12-25T08:40:44.326Z"}
{"user":1,"type":"offer creation","time":"2018-12-25T09:42:42.330Z","refer_id":34}
{"user":1,"type":"offer creation","time":"2018-12-25T09:43:54.223Z","refer_id":35}
{"user":1,"type":"system login","time":"2018-12-25T09:44:11.139Z"}
{"user":1,"type":"offer creation","time":"2018-12-25T09:44:37.825Z","refer_id":36}
{"user":1,"type":"system login","time":"2018-12-25T09:45:12.853Z"}
{"user":1,"type":"offer creation","time":"2018-12-25T09:45:28.411Z","refer_id":37}
{"user":1,"type":"system login","time":"2018-12-25T09:49:46.443Z"}
{"user":1,"type":"offer modification","time":"2018-12-25T09:51:11.611Z","refer_id":"37"}
{"user":1,"type":"system login","time":"2018-12-25T09:51:36.337Z"}
{"user":1,"type":"offer creation","time":"2018-12-25T10:08:04.260Z","refer_id":38}
{"user":1,"type":"offer modification","time":"2018-12-25T10:10:35.221Z","refer_id":"38"}
{"user":1,"type":"offer modification","time":"2018-12-25T10:11:08.577Z","refer_id":"38"}
{"user":1,"type":"offer modification","time":"2018-12-25T10:12:16.125Z","refer_id":"38"}
{"user":1,"type":"offer modification","time":"2018-12-25T10:14:38.779Z","refer_id":"38"}
{"user":1,"type":"system login","time":"2018-12-25T10:18:43.684Z"}
{"user":1,"type":"offer modification","time":"2018-12-25T10:19:56.026Z","refer_id":"38"}
{"user":1,"type":"system login","time":"2018-12-25T10:22:05.252Z"}
{"user":1,"type":"offer modification","time":"2018-12-25T10:22:34.015Z","refer_id":"38"}
{"user":1,"type":"offer modification","time":"2018-12-25T10:23:18.148Z","refer_id":"38"}
{"user":1,"type":"system login","time":"2018-12-25T10:35:20.784Z"}
{"user":1,"type":"system login","time":"2018-12-25T10:38:02.802Z"}
{"user":1,"type":"offer modification","time":"2018-12-25T10:38:52.943Z","refer_id":"38"}
{"user":1,"type":"system login","time":"2018-12-25T10:42:55.337Z"}
{"user":1,"type":"system login","time":"2018-12-25T11:03:07.262Z"}
{"user":1,"type":"system login","time":"2018-12-25T11:38:16.240Z"}
{"user":1,"type":"system login","time":"2018-12-25T11:41:41.061Z"}
{"user":1,"type":"system login","time":"2018-12-25T11:51:06.047Z"}
{"user":1,"type":"system login","time":"2018-12-25T11:56:46.545Z"}
{"user":1,"type":"system login","time":"2018-12-25T12:10:38.640Z"}
{"user":1,"type":"system login","time":"2018-12-26T05:46:11.144Z"}
{"user":1,"type":"offer modification","time":"2018-12-26T05:46:52.834Z","refer_id":"38"}
{"user":1,"type":"system login","time":"2018-12-26T05:52:38.482Z"}
{"user":1,"type":"system login","time":"2018-12-26T06:01:33.593Z"}
{"user":1,"type":"system login","time":"2018-12-26T06:04:46.791Z"}
{"user":1,"type":"system login","time":"2018-12-26T06:20:43.023Z"}
{"user":1,"type":"system login","time":"2018-12-26T06:34:00.750Z"}
{"user":1,"type":"component category settings updated","time":"2018-12-26T06:40:14.835Z","refer_id":3}
{"user":1,"type":"system login","time":"2018-12-26T06:42:27.740Z"}
{"user":1,"type":"component category settings updated","time":"2018-12-26T06:42:44.038Z","refer_id":3}
{"user":1,"type":"system login","time":"2018-12-26T06:47:34.175Z"}
{"user":1,"type":"component category settings updated","time":"2018-12-26T06:47:49.164Z","refer_id":3}
{"user":1,"type":"component category settings updated","time":"2018-12-26T06:48:16.894Z","refer_id":3}
{"user":1,"type":"component category settings updated","time":"2018-12-26T06:51:06.457Z","refer_id":3}
{"user":1,"type":"component category settings updated","time":"2018-12-26T06:57:55.645Z","refer_id":3}
{"user":1,"type":"system login","time":"2018-12-26T08:26:44.594Z"}
{"user":1,"type":"system login","time":"2018-12-26T08:31:47.727Z"}
{"user":1,"type":"system login","time":"2018-12-26T08:36:31.995Z"}
{"user":1,"type":"system login","time":"2018-12-26T08:40:32.562Z"}
{"user":1,"type":"system login","time":"2018-12-26T08:43:50.038Z"}
{"user":1,"type":"system login","time":"2018-12-26T08:44:55.426Z"}
{"user":1,"type":"system login","time":"2018-12-26T08:49:20.425Z"}
{"user":1,"type":"system login","time":"2018-12-26T08:53:57.487Z"}
{"user":1,"type":"system login","time":"2018-12-26T08:55:19.709Z"}
{"user":1,"type":"system login","time":"2018-12-26T09:49:42.417Z"}
{"user":1,"type":"system login","time":"2018-12-26T09:50:49.662Z"}
{"user":1,"type":"system login","time":"2018-12-26T09:58:28.582Z"}
{"user":1,"type":"system login","time":"2018-12-26T10:00:58.367Z"}
{"user":1,"type":"system login","time":"2018-12-26T10:02:32.758Z"}
{"user":1,"type":"componemt name  modification","time":"2018-12-26T10:02:47.475Z","refer_id":"9"}
{"user":1,"type":"componemt name  modification","time":"2018-12-26T10:04:47.476Z","refer_id":"9"}
{"user":1,"type":"system login","time":"2018-12-26T10:06:56.096Z"}
{"user":1,"type":"componemt name creation","time":"2018-12-26T10:07:08.956Z","refer_id":12}
{"user":1,"type":"system login","time":"2018-12-26T10:09:03.677Z"}
{"user":1,"type":"component name delete","time":"2018-12-26T10:09:56.821Z","refer_id":"12"}
{"user":1,"type":"component name delete","time":"2018-12-26T10:11:13.018Z","refer_id":"12"}
{"user":1,"type":"component name delete","time":"2018-12-26T10:11:45.403Z","refer_id":"12"}
{"user":1,"type":"system login","time":"2018-12-26T10:12:59.575Z"}
{"user":1,"type":"component name delete","time":"2018-12-26T10:13:09.999Z","refer_id":"12"}
{"user":1,"type":"system login","time":"2018-12-26T10:14:05.800Z"}
{"user":1,"type":"component name delete","time":"2018-12-26T10:14:13.376Z","refer_id":"12"}
{"user":1,"type":"system login","time":"2018-12-26T10:29:41.230Z"}
{"user":1,"type":"system login","time":"2018-12-26T10:31:35.939Z"}
{"user":1,"type":"system login","time":"2018-12-26T10:56:10.835Z"}
{"user":1,"type":"system login","time":"2018-12-26T11:02:10.689Z"}
{"user":1,"type":"system login","time":"2018-12-26T11:04:25.294Z"}
{"user":1,"type":"system login","time":"2018-12-26T11:06:56.829Z"}
{"user":1,"type":"system login","time":"2018-12-26T11:10:07.924Z"}
{"user":1,"type":"componemt subname creation","time":"2018-12-26T11:12:01.455Z","refer_id":1}
{"user":1,"type":"system login","time":"2018-12-26T11:15:59.608Z"}
{"user":1,"type":"componemt subname creation","time":"2018-12-26T11:17:03.551Z","refer_id":2}
{"user":1,"type":"system login","time":"2018-12-26T11:21:06.996Z"}
{"user":1,"type":"system login","time":"2018-12-26T11:26:33.924Z"}
{"user":1,"type":"system login","time":"2018-12-26T11:33:55.934Z"}
{"user":1,"type":"system login","time":"2018-12-26T11:36:52.983Z"}
{"user":1,"type":"componemt name creation","time":"2018-12-26T11:38:26.148Z","refer_id":13}
{"user":1,"type":"system login","time":"2018-12-26T11:40:02.399Z"}
{"user":1,"type":"component name delete","time":"2018-12-26T11:40:26.388Z","refer_id":"13"}
{"user":1,"type":"system login","time":"2018-12-26T11:43:14.360Z"}
{"user":1,"type":"componemt name creation","time":"2018-12-26T11:43:32.893Z","refer_id":14}
{"user":1,"type":"system login","time":"2018-12-26T11:46:18.807Z"}
{"user":1,"type":"system login","time":"2018-12-26T11:48:58.418Z"}
{"user":1,"type":"system login","time":"2018-12-26T11:51:49.574Z"}
{"user":1,"type":"componemt subname creation","time":"2018-12-26T11:52:25.426Z","refer_id":3}
{"user":1,"type":"componemt subname creation","time":"2018-12-26T11:55:00.398Z","refer_id":4}
{"user":1,"type":"system login","time":"2018-12-26T12:00:05.074Z"}
{"user":1,"type":"componemt name  modification","time":"2018-12-26T12:00:42.367Z","refer_id":"14"}
{"user":1,"type":"system login","time":"2018-12-26T12:05:51.879Z"}
{"user":1,"type":"component name delete","time":"2018-12-26T12:06:03.027Z","refer_id":"4"}
{"user":1,"type":"system login","time":"2018-12-26T12:32:59.940Z"}
{"user":1,"type":"componemt sub name  modification","time":"2018-12-26T12:33:21.096Z","refer_id":"14"}
{"user":1,"type":"componemt subname creation","time":"2018-12-26T12:33:38.488Z","refer_id":5}
{"user":1,"type":"system login","time":"2018-12-26T12:35:43.239Z"}
{"user":1,"type":"component name delete","time":"2018-12-26T12:35:53.695Z","refer_id":"5"}
{"user":1,"type":"system login","time":"2018-12-26T12:39:19.449Z"}
{"user":1,"type":"componemt subname creation","time":"2018-12-26T12:39:32.655Z","refer_id":6}
{"user":1,"type":"component name delete","time":"2018-12-26T12:39:35.742Z","refer_id":"3"}
{"user":1,"type":"componemt sub name  modification","time":"2018-12-26T12:40:29.426Z","refer_id":"14"}
{"user":1,"type":"componemt subname creation","time":"2018-12-26T12:41:00.535Z","refer_id":7}
{"user":1,"type":"componemt subname creation","time":"2018-12-26T12:41:05.139Z","refer_id":8}
{"user":1,"type":"component name delete","time":"2018-12-26T12:41:11.185Z","refer_id":"6"}
{"user":1,"type":"componemt sub name  modification","time":"2018-12-26T12:41:33.386Z","refer_id":"14"}
{"user":1,"type":"system login","time":"2018-12-26T12:42:47.091Z"}
{"user":1,"type":"componemt sub name  modification","time":"2018-12-26T12:43:03.304Z","refer_id":"14"}
{"user":1,"type":"system login","time":"2018-12-26T12:44:19.265Z"}
{"user":1,"type":"componemt sub name  modification","time":"2018-12-26T12:44:33.338Z","refer_id":"14"}
{"user":1,"type":"system login","time":"2018-12-26T12:47:11.255Z"}
{"user":1,"type":"system login","time":"2018-12-26T12:48:25.701Z"}
{"user":1,"type":"componemt subname creation","time":"2018-12-26T12:48:40.542Z","refer_id":9}
{"user":1,"type":"component name delete","time":"2018-12-26T12:48:46.333Z","refer_id":"9"}
{"user":1,"type":"componemt subname creation","time":"2018-12-26T12:49:05.616Z","refer_id":10}
{"user":1,"type":"componemt subname creation","time":"2018-12-26T12:49:13.563Z","refer_id":11}
{"user":1,"type":"component name delete","time":"2018-12-26T12:49:16.715Z","refer_id":"11"}
{"user":1,"type":"component name delete","time":"2018-12-26T12:53:32.145Z","refer_id":"14"}
{"user":1,"type":"component name delete","time":"2018-12-26T12:53:34.515Z","refer_id":"9"}
{"user":1,"type":"componemt name creation","time":"2018-12-26T12:54:04.534Z","refer_id":15}
{"user":1,"type":"componemt name creation","time":"2018-12-26T12:54:18.678Z","refer_id":16}
{"user":1,"type":"componemt name creation","time":"2018-12-26T12:54:33.377Z","refer_id":17}
{"user":1,"type":"componemt name creation","time":"2018-12-26T12:54:48.531Z","refer_id":18}
{"user":1,"type":"componemt name creation","time":"2018-12-26T12:55:06.173Z","refer_id":19}
{"user":1,"type":"componemt name creation","time":"2018-12-26T12:55:32.298Z","refer_id":20}
{"user":1,"type":"componemt name creation","time":"2018-12-26T12:55:50.487Z","refer_id":21}
{"user":1,"type":"componemt subname creation","time":"2018-12-26T12:56:42.174Z","refer_id":12}
{"user":1,"type":"component name delete","time":"2018-12-26T12:56:59.761Z","refer_id":"12"}
{"user":1,"type":"componemt subname creation","time":"2018-12-26T12:57:59.349Z","refer_id":13}
{"user":1,"type":"componemt subname creation","time":"2018-12-26T12:58:20.035Z","refer_id":14}
{"user":1,"type":"componemt subname creation","time":"2018-12-26T12:58:31.349Z","refer_id":15}
{"user":1,"type":"componemt subname creation","time":"2018-12-26T12:58:49.495Z","refer_id":16}
{"user":1,"type":"componemt subname creation","time":"2018-12-26T12:59:08.011Z","refer_id":17}
{"user":1,"type":"componemt subname creation","time":"2018-12-26T13:01:48.042Z","refer_id":18}
{"user":1,"type":"componemt subname creation","time":"2018-12-26T13:01:59.400Z","refer_id":19}
{"user":1,"type":"componemt subname creation","time":"2018-12-26T13:02:17.424Z","refer_id":20}
{"user":1,"type":"componemt subname creation","time":"2018-12-26T13:02:26.427Z","refer_id":21}
{"user":1,"type":"componemt subname creation","time":"2018-12-26T13:02:36.847Z","refer_id":22}
{"user":1,"type":"componemt subname creation","time":"2018-12-26T13:02:47.238Z","refer_id":23}
{"user":1,"type":"componemt subname creation","time":"2018-12-26T13:04:17.020Z","refer_id":24}
{"user":1,"type":"componemt subname creation","time":"2018-12-26T13:04:54.345Z","refer_id":25}
{"user":1,"type":"componemt subname creation","time":"2018-12-26T13:05:06.608Z","refer_id":26}
{"user":1,"type":"componemt subname creation","time":"2018-12-26T13:05:36.308Z","refer_id":27}
{"user":1,"type":"componemt subname creation","time":"2018-12-26T13:05:50.819Z","refer_id":28}
{"user":1,"type":"componemt subname creation","time":"2018-12-26T13:06:09.100Z","refer_id":29}
{"user":1,"type":"componemt subname creation","time":"2018-12-26T13:06:21.982Z","refer_id":30}
{"user":1,"type":"componemt subname creation","time":"2018-12-26T13:06:45.569Z","refer_id":31}
{"user":1,"type":"componemt subname creation","time":"2018-12-26T13:06:55.649Z","refer_id":32}
{"user":1,"type":"componemt subname creation","time":"2018-12-26T13:07:08.515Z","refer_id":33}
{"user":1,"type":"componemt subname creation","time":"2018-12-26T13:07:30.580Z","refer_id":34}
{"user":1,"type":"componemt subname creation","time":"2018-12-26T13:08:03.247Z","refer_id":35}
{"user":1,"type":"componemt subname creation","time":"2018-12-26T13:08:26.575Z","refer_id":36}
{"user":1,"type":"componemt subname creation","time":"2018-12-26T13:08:56.030Z","refer_id":37}
{"user":1,"type":"componemt subname creation","time":"2018-12-26T13:09:20.824Z","refer_id":38}
{"user":1,"type":"componemt subname creation","time":"2018-12-26T13:09:39.420Z","refer_id":39}
{"user":1,"type":"componemt subname creation","time":"2018-12-26T13:09:53.201Z","refer_id":40}
{"user":1,"type":"system login","time":"2018-12-26T13:18:20.881Z"}
{"user":1,"type":"system login","time":"2018-12-26T13:25:47.909Z"}
{"user":1,"type":"system login","time":"2018-12-26T13:27:37.798Z"}
{"user":1,"type":"system login","time":"2018-12-26T13:29:09.871Z"}
{"user":1,"type":"system login","time":"2018-12-26T13:31:24.743Z"}
{"user":1,"type":"system login","time":"2018-12-26T13:34:31.736Z"}
{"user":1,"type":"system login","time":"2018-12-26T13:43:17.998Z"}
{"user":1,"type":"system login","time":"2018-12-26T13:44:13.305Z"}
{"user":1,"type":"system login","time":"2018-12-26T13:51:28.490Z"}
{"user":1,"type":"system login","time":"2018-12-27T05:56:33.751Z"}
{"user":1,"type":"system login","time":"2018-12-27T06:07:13.125Z"}
{"user":1,"type":"system login","time":"2018-12-27T06:13:09.986Z"}
{"user":1,"type":"system login","time":"2018-12-27T06:28:58.518Z"}
{"user":1,"type":"system login","time":"2018-12-27T06:34:44.843Z"}
{"user":1,"type":"system login","time":"2018-12-27T06:36:51.712Z"}
{"user":1,"type":"system login","time":"2018-12-27T06:38:05.394Z"}
{"user":1,"type":"system login","time":"2018-12-27T06:40:07.937Z"}
{"user":1,"type":"system login","time":"2018-12-27T07:09:15.844Z"}
{"user":1,"type":"system login","time":"2018-12-27T07:36:01.981Z"}
{"user":1,"type":"system login","time":"2018-12-27T07:59:23.263Z"}
{"user":1,"type":"system login","time":"2018-12-27T08:10:29.105Z"}
{"user":1,"type":"system login","time":"2018-12-27T08:11:31.508Z"}
{"user":1,"type":"system login","time":"2018-12-27T08:12:06.102Z"}
{"user":1,"type":"system login","time":"2018-12-27T08:13:31.533Z"}
{"user":1,"type":"system login","time":"2018-12-27T08:18:36.557Z"}
{"user":1,"type":"system login","time":"2018-12-27T10:11:28.906Z"}
{"user":1,"type":"system login","time":"2018-12-27T10:30:24.279Z"}
{"user":1,"type":"system login","time":"2018-12-27T10:40:20.083Z"}
{"user":1,"type":"system login","time":"2018-12-27T10:45:01.688Z"}
{"user":1,"type":"system login","time":"2018-12-27T10:46:01.936Z"}
{"user":1,"type":"system login","time":"2018-12-27T10:49:54.651Z"}
{"user":1,"type":"system login","time":"2018-12-27T11:54:01.711Z"}
{"user":1,"type":"system login","time":"2018-12-27T11:55:34.998Z"}
{"user":1,"type":"system login","time":"2018-12-28T05:56:51.558Z"}
{"user":1,"type":"system login","time":"2018-12-28T07:50:17.432Z"}
{"user":1,"type":"system login","time":"2018-12-28T07:52:44.176Z"}
{"user":1,"type":"system login","time":"2018-12-31T06:14:29.519Z"}
{"user":1,"type":"system login","time":"2018-12-31T08:13:29.685Z"}
{"user":1,"type":"system login","time":"2018-12-31T08:24:28.834Z"}
{"user":1,"type":"system login","time":"2018-12-31T10:41:54.926Z"}
{"user":1,"type":"system login","time":"2018-12-31T13:10:14.944Z"}
